{
  "RSpec": {
    "coverage": {
      "/Users/jonosommers/turing_work/1mod/projects/futbol/lib/stat_tracker.rb": {
        "lines": [
          1,
          1,
          1,
          1,
          1,
          null,
          1,
          1,
          null,
          1,
          19,
          19,
          19,
          null,
          null,
          null,
          1,
          null,
          19,
          19,
          19,
          608,
          null,
          null,
          null,
          19,
          19,
          19,
          141379,
          null,
          null,
          null,
          19,
          19,
          19,
          282758,
          null,
          null,
          null,
          19,
          null,
          null,
          1,
          0,
          null,
          null,
          null,
          1,
          null,
          2,
          null,
          2,
          14882,
          null,
          14882,
          null,
          2,
          null,
          null,
          null,
          1,
          null,
          2,
          null,
          2,
          14882,
          null,
          14882,
          null,
          2,
          null,
          null,
          null,
          1,
          null,
          2,
          14882,
          null,
          null,
          2,
          null,
          2,
          null,
          null,
          null,
          1,
          null,
          2,
          14882,
          null,
          null,
          2,
          null,
          2,
          null,
          null,
          null,
          1,
          null,
          2,
          14882,
          null,
          null,
          2,
          null,
          2,
          null,
          null,
          1,
          2,
          2,
          14882,
          14870,
          null,
          12,
          null,
          null,
          2,
          null,
          null,
          1,
          2,
          2,
          14882,
          null,
          2,
          null,
          null,
          1,
          2,
          2,
          null,
          2,
          14882,
          14882,
          null,
          14882,
          14870,
          14870,
          null,
          12,
          12,
          null,
          null,
          null,
          2,
          12,
          null,
          null,
          2,
          null,
          null,
          1,
          2,
          null,
          null,
          1,
          2,
          2,
          null,
          2,
          29764,
          29764,
          null,
          29764,
          29700,
          29700,
          null,
          64,
          64,
          null,
          null,
          null,
          2,
          64,
          null,
          null,
          2,
          64,
          null,
          null,
          null,
          2,
          56,
          2,
          null,
          null,
          null,
          null,
          1,
          2,
          2,
          null,
          2,
          29764,
          29764,
          null,
          29764,
          29700,
          29700,
          null,
          64,
          64,
          null,
          null,
          null,
          2,
          64,
          null,
          null,
          2,
          64,
          null,
          null,
          null,
          2,
          60,
          2,
          null,
          null,
          null,
          null,
          1,
          2,
          2,
          null,
          2,
          14882,
          14882,
          null,
          14882,
          14818,
          14818,
          null,
          null,
          64,
          64,
          null,
          null,
          null,
          2,
          64,
          null,
          null,
          2,
          64,
          null,
          null,
          null,
          2,
          10,
          2,
          null,
          null,
          null,
          null,
          1,
          2,
          2,
          null,
          2,
          14882,
          14882,
          null,
          14882,
          14818,
          14818,
          null,
          null,
          64,
          64,
          null,
          null,
          null,
          2,
          64,
          null,
          null,
          2,
          64,
          null,
          null,
          null,
          2,
          56,
          2,
          null,
          null,
          null,
          null,
          1,
          2,
          2,
          null,
          2,
          14882,
          14882,
          null,
          14882,
          14818,
          14818,
          null,
          null,
          64,
          64,
          null,
          null,
          null,
          2,
          64,
          null,
          null,
          2,
          64,
          null,
          null,
          null,
          2,
          38,
          2,
          null,
          null,
          null,
          null,
          1,
          2,
          2,
          null,
          2,
          14882,
          14882,
          null,
          14882,
          14818,
          14818,
          null,
          null,
          64,
          64,
          null,
          null,
          null,
          2,
          64,
          null,
          null,
          2,
          64,
          null,
          null,
          null,
          2,
          60,
          2,
          null,
          null,
          null,
          null
        ]
      },
      "/Users/jonosommers/turing_work/1mod/projects/futbol/lib/team.rb": {
        "lines": [
          1,
          1,
          1,
          null,
          1,
          1,
          null,
          1,
          608,
          608,
          608,
          608,
          608,
          608,
          null,
          null
        ]
      },
      "/Users/jonosommers/turing_work/1mod/projects/futbol/lib/game.rb": {
        "lines": [
          1,
          1,
          1,
          null,
          1,
          1,
          null,
          1,
          141379,
          141379,
          141379,
          141379,
          141379,
          141379,
          141379,
          141379,
          141379,
          141379,
          null,
          null
        ]
      },
      "/Users/jonosommers/turing_work/1mod/projects/futbol/lib/game_team.rb": {
        "lines": [
          1,
          1,
          null,
          1,
          1,
          null,
          1,
          282758,
          282758,
          282758,
          282758,
          282758,
          282758,
          282758,
          282758,
          282758,
          282758,
          282758,
          282758,
          282758,
          282758,
          282758,
          null,
          null
        ]
      }
    },
    "timestamp": 1731256668
  }
}
