{
  "RSpec": {
    "coverage": {
      "/Users/jonosommers/turing_work/1mod/projects/futbol/lib/stat_tracker.rb": {
        "lines": [
          1,
          1,
          1,
          1,
          1,
          1,
          1,
          1,
          null,
          1,
          1,
          null,
          1,
          33,
          33,
          33,
          33,
          33,
          33,
          null,
          null,
          null,
          1,
          33,
          33,
          33,
          1056,
          null,
          null,
          33,
          33,
          33,
          245553,
          null,
          null,
          33,
          33,
          33,
          491106,
          null,
          null,
          33,
          null,
          null,
          1,
          0,
          null,
          null,
          1,
          2,
          null,
          null,
          1,
          2,
          null,
          null,
          1,
          2,
          null,
          null,
          1,
          2,
          null,
          null,
          1,
          2,
          null,
          null,
          1,
          2,
          null,
          null,
          1,
          2,
          null,
          null,
          1,
          2,
          null,
          null,
          1,
          2,
          null,
          null,
          1,
          2,
          null,
          null,
          1,
          2,
          null,
          null,
          1,
          2,
          null,
          null,
          1,
          2,
          null,
          null,
          1,
          2,
          null,
          null,
          1,
          2,
          null,
          null,
          1,
          3,
          null,
          null,
          1,
          3,
          null,
          null
        ]
      },
      "/Users/jonosommers/turing_work/1mod/projects/futbol/lib/team.rb": {
        "lines": [
          1,
          1,
          1,
          null,
          1,
          1,
          null,
          1,
          1056,
          1056,
          1056,
          1056,
          1056,
          1056,
          null,
          null
        ]
      },
      "/Users/jonosommers/turing_work/1mod/projects/futbol/lib/game.rb": {
        "lines": [
          1,
          1,
          1,
          null,
          1,
          1,
          null,
          1,
          245553,
          245553,
          245553,
          245553,
          245553,
          245553,
          245553,
          245553,
          245553,
          245553,
          null,
          null
        ]
      },
      "/Users/jonosommers/turing_work/1mod/projects/futbol/lib/game_team.rb": {
        "lines": [
          1,
          1,
          null,
          1,
          1,
          null,
          1,
          491106,
          491106,
          491106,
          491106,
          491106,
          491106,
          491106,
          491106,
          491106,
          491106,
          491106,
          491106,
          491106,
          491106,
          491106,
          null,
          null
        ]
      },
      "/Users/jonosommers/turing_work/1mod/projects/futbol/lib/game_statistics.rb": {
        "lines": [
          1,
          null,
          1,
          null,
          1,
          92,
          null,
          null,
          1,
          2,
          2,
          14882,
          14882,
          null,
          2,
          null,
          null,
          1,
          2,
          2,
          14882,
          14882,
          null,
          2,
          null,
          null,
          1,
          2,
          2,
          14882,
          null,
          2,
          null,
          null,
          1,
          2,
          2,
          14882,
          null,
          2,
          null,
          null,
          null,
          1,
          2,
          2,
          14882,
          null,
          2,
          null,
          null,
          1,
          206,
          206,
          1532846,
          null,
          206,
          null,
          null,
          1,
          2,
          2,
          14882,
          null,
          2,
          2,
          null,
          null,
          1,
          2,
          null,
          2,
          14882,
          14882,
          null,
          14882,
          14882,
          14882,
          null,
          null,
          2,
          12,
          null,
          null,
          null
        ]
      },
      "/Users/jonosommers/turing_work/1mod/projects/futbol/lib/team_statistics.rb": {
        "lines": [
          1,
          null,
          1,
          null,
          1,
          45,
          45,
          null,
          null,
          1,
          13,
          13,
          null,
          13,
          148824,
          148824,
          null,
          148824,
          148824,
          null,
          148824,
          148824,
          null,
          null,
          13,
          13,
          386,
          null,
          null,
          13,
          null,
          null,
          1,
          14,
          283,
          null,
          14,
          null,
          null,
          1,
          2,
          2,
          64,
          null,
          null,
          2,
          null,
          null,
          1,
          2,
          2,
          64,
          null,
          null,
          2,
          null,
          null,
          1,
          2,
          29764,
          null,
          2,
          2,
          64,
          null,
          null,
          2,
          null,
          null,
          1,
          2,
          2,
          64,
          null,
          null,
          2,
          null,
          null,
          1,
          2,
          29764,
          null,
          2,
          2,
          64,
          null,
          null,
          2,
          null,
          null,
          1,
          2,
          2,
          64,
          null,
          null,
          2,
          null,
          null
        ]
      },
      "/Users/jonosommers/turing_work/1mod/projects/futbol/lib/season_statistics.rb": {
        "lines": [
          1,
          1,
          null,
          1,
          41,
          41,
          41,
          41,
          null,
          null,
          1,
          2,
          null,
          null,
          1,
          3,
          3,
          44646,
          3042,
          null,
          null,
          null,
          3,
          101,
          606,
          101,
          null,
          null,
          null,
          null,
          3,
          null,
          null,
          1,
          3,
          3,
          44646,
          3042,
          null,
          null,
          null,
          3,
          103,
          618,
          103,
          null,
          null,
          null,
          null,
          3,
          null,
          null
        ]
      },
      "/Users/jonosommers/turing_work/1mod/projects/futbol/spec/season_statistics_spec.rb": {
        "lines": [
          1,
          1,
          1,
          1,
          null,
          1,
          1,
          8,
          8,
          8,
          null,
          null,
          8,
          null,
          null,
          null,
          null,
          8,
          8,
          8,
          null,
          null,
          1,
          1,
          null,
          1,
          null,
          null,
          1,
          null,
          1,
          null,
          null,
          1,
          null,
          1,
          null,
          null,
          1,
          null,
          1,
          null,
          null,
          1,
          null,
          1,
          null,
          null,
          null,
          1,
          1,
          null,
          1,
          1,
          null,
          null,
          null,
          1,
          1,
          1,
          null,
          1,
          1,
          1,
          null,
          null,
          null,
          1,
          1,
          1,
          null,
          1,
          1,
          1,
          null,
          null,
          null
        ]
      },
      "/Users/jonosommers/turing_work/1mod/projects/futbol/spec/stat_tracker_spec.rb": {
        "lines": [
          1,
          1,
          null,
          1,
          1,
          4,
          4,
          4,
          null,
          null,
          4,
          null,
          null,
          null,
          null,
          null,
          4,
          null,
          null,
          1,
          1,
          null,
          null,
          1,
          null,
          1,
          null,
          null,
          1,
          null,
          1,
          null,
          null,
          1,
          null,
          1,
          null,
          null
        ]
      },
      "/Users/jonosommers/turing_work/1mod/projects/futbol/spec/team_statistics_spec.rb": {
        "lines": [
          1,
          1,
          1,
          null,
          1,
          1,
          11,
          11,
          11,
          null,
          null,
          11,
          null,
          null,
          null,
          null,
          11,
          11,
          null,
          null,
          1,
          1,
          null,
          1,
          null,
          null,
          1,
          null,
          1,
          null,
          null,
          1,
          null,
          1,
          null,
          null,
          null,
          1,
          1,
          null,
          null,
          1,
          null,
          null,
          null,
          null,
          null,
          1,
          null,
          null,
          null,
          null,
          1,
          null,
          null,
          null,
          1,
          1,
          null,
          null,
          1,
          null,
          null,
          null,
          1,
          null,
          1,
          1,
          null,
          null,
          null,
          1,
          1,
          null,
          1,
          1,
          null,
          null,
          null,
          1,
          1,
          null,
          1,
          1,
          null,
          null,
          null,
          1,
          1,
          null,
          1,
          1,
          null,
          null,
          null,
          1,
          1,
          null,
          1,
          1,
          null,
          null,
          null,
          1,
          1,
          null,
          1,
          1,
          null,
          null,
          null,
          1,
          1,
          null,
          1,
          1,
          null,
          null,
          null
        ]
      }
    },
    "timestamp": 1731359357
  }
}
